<?xml version="1.0" encoding="UTF-8"?>
<coverage generated="1635456890">
  <project timestamp="1635456890">
    <file name="/var/www/tactical-domain-driven-design/Domains/HostProperties/Application/EventHandlers/Calendar/CalendarCreatedEventHandler.php">
      <class name="Domains\HostProperties\Application\EventHandlers\Calendar\CalendarCreatedEventHandler" namespace="global">
        <metrics complexity="3" methods="3" coveredmethods="0" conditionals="0" coveredconditionals="0" statements="6" coveredstatements="0" elements="9" coveredelements="0"/>
      </class>
      <line num="16" type="method" name="__construct" visibility="public" complexity="1" crap="2" count="0"/>
      <line num="18" type="stmt" count="0"/>
      <line num="19" type="stmt" count="0"/>
      <line num="21" type="method" name="handle" visibility="public" complexity="1" crap="2" count="0"/>
      <line num="23" type="stmt" count="0"/>
      <line num="24" type="stmt" count="0"/>
      <line num="25" type="stmt" count="0"/>
      <line num="27" type="method" name="isSubscribedTo" visibility="public" complexity="1" crap="2" count="0"/>
      <line num="29" type="stmt" count="0"/>
      <metrics loc="31" ncloc="31" classes="1" methods="3" coveredmethods="0" conditionals="0" coveredconditionals="0" statements="6" coveredstatements="0" elements="9" coveredelements="0"/>
    </file>
    <file name="/var/www/tactical-domain-driven-design/Domains/HostProperties/Application/EventHandlers/Calendar/CalendarNotifiedEventHandler.php">
      <class name="Domains\HostProperties\Application\EventHandlers\Calendar\CalendarNotifiedEventHandler" namespace="global">
        <metrics complexity="2" methods="2" coveredmethods="0" conditionals="0" coveredconditionals="0" statements="3" coveredstatements="0" elements="5" coveredelements="0"/>
      </class>
      <line num="13" type="method" name="handle" visibility="public" complexity="1" crap="2" count="0"/>
      <line num="17" type="stmt" count="0"/>
      <line num="18" type="stmt" count="0"/>
      <line num="20" type="method" name="isSubscribedTo" visibility="public" complexity="1" crap="2" count="0"/>
      <line num="22" type="stmt" count="0"/>
      <metrics loc="24" ncloc="22" classes="1" methods="2" coveredmethods="0" conditionals="0" coveredconditionals="0" statements="3" coveredstatements="0" elements="5" coveredelements="0"/>
    </file>
    <file name="/var/www/tactical-domain-driven-design/Domains/HostProperties/Application/EventHandlers/Calendar/CalendarRejectedEventHandler.php">
      <class name="Domains\HostProperties\Application\EventHandlers\Calendar\CalendarRejectedEventHandler" namespace="global">
        <metrics complexity="3" methods="3" coveredmethods="0" conditionals="0" coveredconditionals="0" statements="6" coveredstatements="0" elements="9" coveredelements="0"/>
      </class>
      <line num="20" type="method" name="__construct" visibility="public" complexity="1" crap="2" count="0"/>
      <line num="22" type="stmt" count="0"/>
      <line num="23" type="stmt" count="0"/>
      <line num="24" type="stmt" count="0"/>
      <line num="26" type="method" name="handle" visibility="public" complexity="1" crap="2" count="0"/>
      <line num="28" type="stmt" count="0"/>
      <line num="29" type="stmt" count="0"/>
      <line num="33" type="method" name="isSubscribedTo" visibility="public" complexity="1" crap="2" count="0"/>
      <line num="35" type="stmt" count="0"/>
      <metrics loc="37" ncloc="37" classes="1" methods="3" coveredmethods="0" conditionals="0" coveredconditionals="0" statements="6" coveredstatements="0" elements="9" coveredelements="0"/>
    </file>
    <file name="/var/www/tactical-domain-driven-design/Domains/HostProperties/Application/EventHandlers/Property/PropertyChangedNotificationEventHandler.php">
      <class name="Domains\HostProperties\Application\EventHandlers\Property\PropertyChangedNotificationEventHandler" namespace="global">
        <metrics complexity="3" methods="2" coveredmethods="0" conditionals="0" coveredconditionals="0" statements="3" coveredstatements="0" elements="5" coveredelements="0"/>
      </class>
      <line num="14" type="method" name="handle" visibility="public" complexity="1" crap="2" count="0"/>
      <line num="16" type="stmt" count="0"/>
      <line num="17" type="stmt" count="0"/>
      <line num="19" type="method" name="isSubscribedTo" visibility="public" complexity="2" crap="6" count="0"/>
      <line num="21" type="stmt" count="0"/>
      <metrics loc="23" ncloc="23" classes="1" methods="2" coveredmethods="0" conditionals="0" coveredconditionals="0" statements="3" coveredstatements="0" elements="5" coveredelements="0"/>
    </file>
    <file name="/var/www/tactical-domain-driven-design/Domains/HostProperties/Application/EventHandlers/Property/PropertyCheckinSuccessfullyCompletedEventHandler.php">
      <class name="Domains\HostProperties\Application\EventHandlers\Property\PropertyCheckinSuccessfullyCompletedEventHandler" namespace="global">
        <metrics complexity="2" methods="2" coveredmethods="0" conditionals="0" coveredconditionals="0" statements="3" coveredstatements="0" elements="5" coveredelements="0"/>
      </class>
      <line num="13" type="method" name="handle" visibility="public" complexity="1" crap="2" count="0"/>
      <line num="15" type="stmt" count="0"/>
      <line num="16" type="stmt" count="0"/>
      <line num="18" type="method" name="isSubscribedTo" visibility="public" complexity="1" crap="2" count="0"/>
      <line num="20" type="stmt" count="0"/>
      <metrics loc="22" ncloc="22" classes="1" methods="2" coveredmethods="0" conditionals="0" coveredconditionals="0" statements="3" coveredstatements="0" elements="5" coveredelements="0"/>
    </file>
    <file name="/var/www/tactical-domain-driven-design/Domains/HostProperties/Application/EventHandlers/Property/PropertyCheckoutSuccessfullyCompletedEventHandler.php">
      <class name="Domains\HostProperties\Application\EventHandlers\Property\PropertyCheckoutSuccessfullyCompletedEventHandler" namespace="global">
        <metrics complexity="2" methods="2" coveredmethods="0" conditionals="0" coveredconditionals="0" statements="3" coveredstatements="0" elements="5" coveredelements="0"/>
      </class>
      <line num="13" type="method" name="handle" visibility="public" complexity="1" crap="2" count="0"/>
      <line num="15" type="stmt" count="0"/>
      <line num="16" type="stmt" count="0"/>
      <line num="18" type="method" name="isSubscribedTo" visibility="public" complexity="1" crap="2" count="0"/>
      <line num="20" type="stmt" count="0"/>
      <metrics loc="22" ncloc="22" classes="1" methods="2" coveredmethods="0" conditionals="0" coveredconditionals="0" statements="3" coveredstatements="0" elements="5" coveredelements="0"/>
    </file>
    <file name="/var/www/tactical-domain-driven-design/Domains/HostProperties/Application/EventHandlers/Property/PropertyCreatedEventHandler.php">
      <class name="Domains\HostProperties\Application\EventHandlers\Property\PropertyCreatedEventHandler" namespace="global">
        <metrics complexity="4" methods="3" coveredmethods="1" conditionals="0" coveredconditionals="0" statements="8" coveredstatements="3" elements="11" coveredelements="4"/>
      </class>
      <line num="20" type="method" name="__construct" visibility="public" complexity="1" crap="1" count="2"/>
      <line num="22" type="stmt" count="2"/>
      <line num="23" type="stmt" count="2"/>
      <line num="24" type="stmt" count="2"/>
      <line num="26" type="method" name="handle" visibility="public" complexity="2" crap="6" count="0"/>
      <line num="28" type="stmt" count="0"/>
      <line num="29" type="stmt" count="0"/>
      <line num="30" type="stmt" count="0"/>
      <line num="31" type="stmt" count="0"/>
      <line num="33" type="method" name="isSubscribedTo" visibility="public" complexity="1" crap="2" count="0"/>
      <line num="35" type="stmt" count="0"/>
      <metrics loc="37" ncloc="37" classes="1" methods="3" coveredmethods="1" conditionals="0" coveredconditionals="0" statements="8" coveredstatements="3" elements="11" coveredelements="4"/>
    </file>
    <file name="/var/www/tactical-domain-driven-design/Domains/HostProperties/Application/EventHandlers/Property/PropertyRejectedEventHandler.php">
      <class name="Domains\HostProperties\Application\EventHandlers\Property\PropertyRejectedEventHandler" namespace="global">
        <metrics complexity="3" methods="3" coveredmethods="1" conditionals="0" coveredconditionals="0" statements="6" coveredstatements="2" elements="9" coveredelements="3"/>
      </class>
      <line num="17" type="method" name="__construct" visibility="public" complexity="1" crap="1" count="2"/>
      <line num="19" type="stmt" count="2"/>
      <line num="20" type="stmt" count="2"/>
      <line num="22" type="method" name="handle" visibility="public" complexity="1" crap="2" count="0"/>
      <line num="24" type="stmt" count="0"/>
      <line num="25" type="stmt" count="0"/>
      <line num="26" type="stmt" count="0"/>
      <line num="29" type="method" name="isSubscribedTo" visibility="public" complexity="1" crap="2" count="0"/>
      <line num="31" type="stmt" count="0"/>
      <metrics loc="33" ncloc="33" classes="1" methods="3" coveredmethods="1" conditionals="0" coveredconditionals="0" statements="6" coveredstatements="2" elements="9" coveredelements="3"/>
    </file>
    <file name="/var/www/tactical-domain-driven-design/Domains/HostProperties/Application/UseCases/Calendar/CreateCalendarInput.php">
      <class name="Domains\HostProperties\Application\UseCases\Calendar\CreateCalendarInput" namespace="global">
        <metrics complexity="1" methods="1" coveredmethods="0" conditionals="0" coveredconditionals="0" statements="3" coveredstatements="0" elements="4" coveredelements="0"/>
      </class>
      <line num="12" type="method" name="__construct" visibility="public" complexity="1" crap="2" count="0"/>
      <line num="14" type="stmt" count="0"/>
      <line num="15" type="stmt" count="0"/>
      <line num="16" type="stmt" count="0"/>
      <metrics loc="17" ncloc="17" classes="1" methods="1" coveredmethods="0" conditionals="0" coveredconditionals="0" statements="3" coveredstatements="0" elements="4" coveredelements="0"/>
    </file>
    <file name="/var/www/tactical-domain-driven-design/Domains/HostProperties/Application/UseCases/Calendar/CreateCalendarUseCase.php">
      <class name="Domains\HostProperties\Application\UseCases\Calendar\CreateCalendarUseCase" namespace="global">
        <metrics complexity="2" methods="2" coveredmethods="0" conditionals="0" coveredconditionals="0" statements="9" coveredstatements="0" elements="11" coveredelements="0"/>
      </class>
      <line num="21" type="method" name="__construct" visibility="public" complexity="1" crap="2" count="0"/>
      <line num="23" type="stmt" count="0"/>
      <line num="24" type="stmt" count="0"/>
      <line num="25" type="stmt" count="0"/>
      <line num="26" type="stmt" count="0"/>
      <line num="28" type="method" name="execute" visibility="public" complexity="1" crap="2" count="0"/>
      <line num="30" type="stmt" count="0"/>
      <line num="31" type="stmt" count="0"/>
      <line num="32" type="stmt" count="0"/>
      <line num="33" type="stmt" count="0"/>
      <line num="34" type="stmt" count="0"/>
      <metrics loc="35" ncloc="35" classes="1" methods="2" coveredmethods="0" conditionals="0" coveredconditionals="0" statements="9" coveredstatements="0" elements="11" coveredelements="0"/>
    </file>
    <file name="/var/www/tactical-domain-driven-design/Domains/HostProperties/Application/UseCases/Calendar/ICreateCalendarUseCase.php">
      <metrics loc="9" ncloc="9" classes="0" methods="0" coveredmethods="0" conditionals="0" coveredconditionals="0" statements="0" coveredstatements="0" elements="0" coveredelements="0"/>
    </file>
    <file name="/var/www/tactical-domain-driven-design/Domains/HostProperties/Application/UseCases/Calendar/Queries/GetAllCalendarsQuery.php">
      <class name="Domains\HostProperties\Application\UseCases\Calendar\Queries\GetAllCalendarsQuery" namespace="global">
        <metrics complexity="2" methods="2" coveredmethods="0" conditionals="0" coveredconditionals="0" statements="3" coveredstatements="0" elements="5" coveredelements="0"/>
      </class>
      <line num="12" type="method" name="__construct" visibility="public" complexity="1" crap="2" count="0"/>
      <line num="14" type="stmt" count="0"/>
      <line num="15" type="stmt" count="0"/>
      <line num="17" type="method" name="execute" visibility="public" complexity="1" crap="2" count="0"/>
      <line num="19" type="stmt" count="0"/>
      <metrics loc="21" ncloc="21" classes="1" methods="2" coveredmethods="0" conditionals="0" coveredconditionals="0" statements="3" coveredstatements="0" elements="5" coveredelements="0"/>
    </file>
    <file name="/var/www/tactical-domain-driven-design/Domains/HostProperties/Application/UseCases/Calendar/Queries/IGetCalendarQuery.php">
      <metrics loc="9" ncloc="9" classes="0" methods="0" coveredmethods="0" conditionals="0" coveredconditionals="0" statements="0" coveredstatements="0" elements="0" coveredelements="0"/>
    </file>
    <file name="/var/www/tactical-domain-driven-design/Domains/HostProperties/Application/UseCases/Property/CreatePropertyInput.php">
      <class name="Domains\HostProperties\Application\UseCases\Property\CreatePropertyInput" namespace="global">
        <metrics complexity="1" methods="1" coveredmethods="0" conditionals="0" coveredconditionals="0" statements="8" coveredstatements="0" elements="9" coveredelements="0"/>
      </class>
      <line num="22" type="method" name="__construct" visibility="public" complexity="1" crap="2" count="0"/>
      <line num="24" type="stmt" count="0"/>
      <line num="25" type="stmt" count="0"/>
      <line num="26" type="stmt" count="0"/>
      <line num="27" type="stmt" count="0"/>
      <line num="28" type="stmt" count="0"/>
      <line num="29" type="stmt" count="0"/>
      <line num="30" type="stmt" count="0"/>
      <line num="31" type="stmt" count="0"/>
      <metrics loc="32" ncloc="32" classes="1" methods="1" coveredmethods="0" conditionals="0" coveredconditionals="0" statements="8" coveredstatements="0" elements="9" coveredelements="0"/>
    </file>
    <file name="/var/www/tactical-domain-driven-design/Domains/HostProperties/Application/UseCases/Property/CreatePropertyUseCase.php">
      <class name="Domains\HostProperties\Application\UseCases\Property\CreatePropertyUseCase" namespace="global">
        <metrics complexity="3" methods="2" coveredmethods="0" conditionals="0" coveredconditionals="0" statements="9" coveredstatements="0" elements="11" coveredelements="0"/>
      </class>
      <line num="21" type="method" name="__construct" visibility="public" complexity="1" crap="2" count="0"/>
      <line num="23" type="stmt" count="0"/>
      <line num="24" type="stmt" count="0"/>
      <line num="25" type="stmt" count="0"/>
      <line num="27" type="method" name="execute" visibility="public" complexity="2" crap="6" count="0"/>
      <line num="29" type="stmt" count="0"/>
      <line num="30" type="stmt" count="0"/>
      <line num="31" type="stmt" count="0"/>
      <line num="33" type="stmt" count="0"/>
      <line num="36" type="stmt" count="0"/>
      <line num="37" type="stmt" count="0"/>
      <metrics loc="38" ncloc="37" classes="1" methods="2" coveredmethods="0" conditionals="0" coveredconditionals="0" statements="9" coveredstatements="0" elements="11" coveredelements="0"/>
    </file>
    <file name="/var/www/tactical-domain-driven-design/Domains/HostProperties/Application/UseCases/Property/ICreatePropertyUseCase.php">
      <metrics loc="9" ncloc="9" classes="0" methods="0" coveredmethods="0" conditionals="0" coveredconditionals="0" statements="0" coveredstatements="0" elements="0" coveredelements="0"/>
    </file>
    <file name="/var/www/tactical-domain-driven-design/Domains/HostProperties/Application/UseCases/Property/Queries/GetAllPropertyQuery.php">
      <class name="Domains\HostProperties\Application\UseCases\Property\Queries\GetAllPropertyQuery" namespace="global">
        <metrics complexity="2" methods="2" coveredmethods="0" conditionals="0" coveredconditionals="0" statements="3" coveredstatements="0" elements="5" coveredelements="0"/>
      </class>
      <line num="12" type="method" name="__construct" visibility="public" complexity="1" crap="2" count="0"/>
      <line num="14" type="stmt" count="0"/>
      <line num="15" type="stmt" count="0"/>
      <line num="17" type="method" name="execute" visibility="public" complexity="1" crap="2" count="0"/>
      <line num="19" type="stmt" count="0"/>
      <metrics loc="21" ncloc="21" classes="1" methods="2" coveredmethods="0" conditionals="0" coveredconditionals="0" statements="3" coveredstatements="0" elements="5" coveredelements="0"/>
    </file>
    <file name="/var/www/tactical-domain-driven-design/Domains/HostProperties/Application/UseCases/Property/Queries/IGetPropertyQuery.php">
      <metrics loc="9" ncloc="9" classes="0" methods="0" coveredmethods="0" conditionals="0" coveredconditionals="0" statements="0" coveredstatements="0" elements="0" coveredelements="0"/>
    </file>
    <file name="/var/www/tactical-domain-driven-design/Domains/HostProperties/Domain/Model/Calendar/Calendar.php">
      <metrics loc="23" ncloc="23" classes="0" methods="0" coveredmethods="0" conditionals="0" coveredconditionals="0" statements="0" coveredstatements="0" elements="0" coveredelements="0"/>
    </file>
    <file name="/var/www/tactical-domain-driven-design/Domains/HostProperties/Domain/Model/Calendar/CalendarEntity.php">
      <class name="Domains\HostProperties\Domain\Model\Calendar\CalendarEntity" namespace="global">
        <metrics complexity="8" methods="8" coveredmethods="0" conditionals="0" coveredconditionals="0" statements="13" coveredstatements="0" elements="21" coveredelements="0"/>
      </class>
      <line num="18" type="method" name="sync" visibility="public" complexity="1" crap="2" count="0"/>
      <line num="20" type="stmt" count="0"/>
      <line num="22" type="method" name="getIdentifier" visibility="public" complexity="1" crap="2" count="0"/>
      <line num="24" type="stmt" count="0"/>
      <line num="27" type="method" name="getPropertyId" visibility="public" complexity="1" crap="2" count="0"/>
      <line num="29" type="stmt" count="0"/>
      <line num="32" type="method" name="getCalendarUrl" visibility="public" complexity="1" crap="2" count="0"/>
      <line num="34" type="stmt" count="0"/>
      <line num="37" type="method" name="of" visibility="public" complexity="1" crap="2" count="0"/>
      <line num="39" type="stmt" count="0"/>
      <line num="40" type="stmt" count="0"/>
      <line num="41" type="stmt" count="0"/>
      <line num="42" type="stmt" count="0"/>
      <line num="44" type="method" name="fromExisting" visibility="public" complexity="1" crap="2" count="0"/>
      <line num="46" type="stmt" count="0"/>
      <line num="47" type="stmt" count="0"/>
      <line num="49" type="method" name="createNew" visibility="public" complexity="1" crap="2" count="0"/>
      <line num="51" type="stmt" count="0"/>
      <line num="52" type="stmt" count="0"/>
      <line num="54" type="method" name="__toString" visibility="public" complexity="1" crap="2" count="0"/>
      <line num="56" type="stmt" count="0"/>
      <metrics loc="58" ncloc="58" classes="1" methods="8" coveredmethods="0" conditionals="0" coveredconditionals="0" statements="13" coveredstatements="0" elements="21" coveredelements="0"/>
    </file>
    <file name="/var/www/tactical-domain-driven-design/Domains/HostProperties/Domain/Model/Calendar/CalendarException.php">
      <class name="Domains\HostProperties\Domain\Model\Calendar\CalendarException" namespace="global">
        <metrics complexity="0" methods="0" coveredmethods="0" conditionals="0" coveredconditionals="0" statements="0" coveredstatements="0" elements="0" coveredelements="0"/>
      </class>
      <metrics loc="10" ncloc="10" classes="0" methods="0" coveredmethods="0" conditionals="0" coveredconditionals="0" statements="0" coveredstatements="0" elements="0" coveredelements="0"/>
    </file>
    <file name="/var/www/tactical-domain-driven-design/Domains/HostProperties/Domain/Model/Calendar/CalendarNotFound.php">
      <class name="Domains\HostProperties\Domain\Model\Calendar\CalendarNotFound" namespace="global">
        <metrics complexity="7" methods="7" coveredmethods="0" conditionals="0" coveredconditionals="0" statements="7" coveredstatements="0" elements="14" coveredelements="0"/>
      </class>
      <line num="11" type="method" name="sync" visibility="public" complexity="1" crap="2" count="0"/>
      <line num="13" type="stmt" count="0"/>
      <line num="16" type="method" name="getIdentifier" visibility="public" complexity="1" crap="2" count="0"/>
      <line num="18" type="stmt" count="0"/>
      <line num="21" type="method" name="getPropertyId" visibility="public" complexity="1" crap="2" count="0"/>
      <line num="23" type="stmt" count="0"/>
      <line num="26" type="method" name="getCalendarUrl" visibility="public" complexity="1" crap="2" count="0"/>
      <line num="28" type="stmt" count="0"/>
      <line num="31" type="method" name="createNew" visibility="public" complexity="1" crap="2" count="0"/>
      <line num="33" type="stmt" count="0"/>
      <line num="36" type="method" name="of" visibility="public" complexity="1" crap="2" count="0"/>
      <line num="38" type="stmt" count="0"/>
      <line num="41" type="method" name="fromExisting" visibility="public" complexity="1" crap="2" count="0"/>
      <line num="43" type="stmt" count="0"/>
      <metrics loc="46" ncloc="46" classes="1" methods="7" coveredmethods="0" conditionals="0" coveredconditionals="0" statements="7" coveredstatements="0" elements="14" coveredelements="0"/>
    </file>
    <file name="/var/www/tactical-domain-driven-design/Domains/HostProperties/Domain/Model/Calendar/CalendarUrl.php">
      <class name="Domains\HostProperties\Domain\Model\Calendar\CalendarUrl" namespace="global">
        <metrics complexity="5" methods="3" coveredmethods="0" conditionals="0" coveredconditionals="0" statements="9" coveredstatements="0" elements="12" coveredelements="0"/>
      </class>
      <line num="14" type="method" name="__construct" visibility="public" complexity="2" crap="6" count="0"/>
      <line num="17" type="stmt" count="0"/>
      <line num="18" type="stmt" count="0"/>
      <line num="19" type="stmt" count="0"/>
      <line num="22" type="stmt" count="0"/>
      <line num="23" type="stmt" count="0"/>
      <line num="25" type="method" name="isSame" visibility="public" complexity="2" crap="6" count="0"/>
      <line num="28" type="stmt" count="0"/>
      <line num="29" type="stmt" count="0"/>
      <line num="32" type="stmt" count="0"/>
      <line num="35" type="method" name="__toString" visibility="public" complexity="1" crap="2" count="0"/>
      <line num="37" type="stmt" count="0"/>
      <metrics loc="39" ncloc="39" classes="1" methods="3" coveredmethods="0" conditionals="0" coveredconditionals="0" statements="9" coveredstatements="0" elements="12" coveredelements="0"/>
    </file>
    <file name="/var/www/tactical-domain-driven-design/Domains/HostProperties/Domain/Model/Calendar/Events/CalendarCreated.php">
      <class name="Domains\HostProperties\Domain\Model\Calendar\Events\CalendarCreated" namespace="global">
        <metrics complexity="1" methods="1" coveredmethods="0" conditionals="0" coveredconditionals="0" statements="3" coveredstatements="0" elements="4" coveredelements="0"/>
      </class>
      <line num="13" type="method" name="__construct" visibility="public" complexity="1" crap="2" count="0"/>
      <line num="15" type="stmt" count="0"/>
      <line num="16" type="stmt" count="0"/>
      <line num="17" type="stmt" count="0"/>
      <metrics loc="18" ncloc="18" classes="1" methods="1" coveredmethods="0" conditionals="0" coveredconditionals="0" statements="3" coveredstatements="0" elements="4" coveredelements="0"/>
    </file>
    <file name="/var/www/tactical-domain-driven-design/Domains/HostProperties/Domain/Model/Calendar/Events/CalendarNotified.php">
      <class name="Domains\HostProperties\Domain\Model\Calendar\Events\CalendarNotified" namespace="global">
        <metrics complexity="1" methods="1" coveredmethods="0" conditionals="0" coveredconditionals="0" statements="3" coveredstatements="0" elements="4" coveredelements="0"/>
      </class>
      <line num="13" type="method" name="__construct" visibility="public" complexity="1" crap="2" count="0"/>
      <line num="15" type="stmt" count="0"/>
      <line num="16" type="stmt" count="0"/>
      <line num="17" type="stmt" count="0"/>
      <metrics loc="18" ncloc="18" classes="1" methods="1" coveredmethods="0" conditionals="0" coveredconditionals="0" statements="3" coveredstatements="0" elements="4" coveredelements="0"/>
    </file>
    <file name="/var/www/tactical-domain-driven-design/Domains/HostProperties/Domain/Model/Calendar/Events/CalendarRejected.php">
      <class name="Domains\HostProperties\Domain\Model\Calendar\Events\CalendarRejected" namespace="global">
        <metrics complexity="1" methods="1" coveredmethods="0" conditionals="0" coveredconditionals="0" statements="3" coveredstatements="0" elements="4" coveredelements="0"/>
      </class>
      <line num="13" type="method" name="__construct" visibility="public" complexity="1" crap="2" count="0"/>
      <line num="15" type="stmt" count="0"/>
      <line num="16" type="stmt" count="0"/>
      <line num="17" type="stmt" count="0"/>
      <metrics loc="18" ncloc="18" classes="1" methods="1" coveredmethods="0" conditionals="0" coveredconditionals="0" statements="3" coveredstatements="0" elements="4" coveredelements="0"/>
    </file>
    <file name="/var/www/tactical-domain-driven-design/Domains/HostProperties/Domain/Model/Calendar/ICalendarRepository.php">
      <metrics loc="21" ncloc="21" classes="0" methods="0" coveredmethods="0" conditionals="0" coveredconditionals="0" statements="0" coveredstatements="0" elements="0" coveredelements="0"/>
    </file>
    <file name="/var/www/tactical-domain-driven-design/Domains/HostProperties/Domain/Model/Property/Address.php">
      <class name="Domains\HostProperties\Domain\Model\Property\Address" namespace="global">
        <metrics complexity="7" methods="5" coveredmethods="1" conditionals="0" coveredconditionals="0" statements="18" coveredstatements="12" elements="23" coveredelements="13"/>
      </class>
      <line num="22" type="method" name="__construct" visibility="public" complexity="2" crap="2" count="4"/>
      <line num="25" type="stmt" count="4"/>
      <line num="26" type="stmt" count="2"/>
      <line num="27" type="stmt" count="2"/>
      <line num="28" type="stmt" count="2"/>
      <line num="30" type="stmt" count="2"/>
      <line num="31" type="stmt" count="2"/>
      <line num="34" type="stmt" count="2"/>
      <line num="35" type="stmt" count="2"/>
      <line num="36" type="stmt" count="2"/>
      <line num="37" type="stmt" count="2"/>
      <line num="38" type="stmt" count="2"/>
      <line num="39" type="stmt" count="2"/>
      <line num="41" type="method" name="isSame" visibility="public" complexity="2" crap="6" count="0"/>
      <line num="44" type="stmt" count="0"/>
      <line num="45" type="stmt" count="0"/>
      <line num="48" type="stmt" count="0"/>
      <line num="51" type="method" name="fromNative" visibility="public" complexity="1" crap="2" count="0"/>
      <line num="53" type="stmt" count="0"/>
      <line num="56" type="method" name="toNative" visibility="public" complexity="1" crap="2" count="0"/>
      <line num="58" type="stmt" count="0"/>
      <line num="61" type="method" name="__toString" visibility="public" complexity="1" crap="2" count="0"/>
      <line num="63" type="stmt" count="0"/>
      <metrics loc="65" ncloc="64" classes="1" methods="5" coveredmethods="1" conditionals="0" coveredconditionals="0" statements="18" coveredstatements="12" elements="23" coveredelements="13"/>
    </file>
    <file name="/var/www/tactical-domain-driven-design/Domains/HostProperties/Domain/Model/Property/Events/PropertyCheckinSuccessfullyCompleted.php">
      <class name="Domains\HostProperties\Domain\Model\Property\Events\PropertyCheckinSuccessfullyCompleted" namespace="global">
        <metrics complexity="1" methods="1" coveredmethods="0" conditionals="0" coveredconditionals="0" statements="3" coveredstatements="0" elements="4" coveredelements="0"/>
      </class>
      <line num="13" type="method" name="__construct" visibility="public" complexity="1" crap="2" count="0"/>
      <line num="15" type="stmt" count="0"/>
      <line num="16" type="stmt" count="0"/>
      <line num="17" type="stmt" count="0"/>
      <metrics loc="18" ncloc="18" classes="1" methods="1" coveredmethods="0" conditionals="0" coveredconditionals="0" statements="3" coveredstatements="0" elements="4" coveredelements="0"/>
    </file>
    <file name="/var/www/tactical-domain-driven-design/Domains/HostProperties/Domain/Model/Property/Events/PropertyCheckoutSuccessfullyCompleted.php">
      <class name="Domains\HostProperties\Domain\Model\Property\Events\PropertyCheckoutSuccessfullyCompleted" namespace="global">
        <metrics complexity="1" methods="1" coveredmethods="0" conditionals="0" coveredconditionals="0" statements="3" coveredstatements="0" elements="4" coveredelements="0"/>
      </class>
      <line num="13" type="method" name="__construct" visibility="public" complexity="1" crap="2" count="0"/>
      <line num="15" type="stmt" count="0"/>
      <line num="16" type="stmt" count="0"/>
      <line num="17" type="stmt" count="0"/>
      <metrics loc="18" ncloc="18" classes="1" methods="1" coveredmethods="0" conditionals="0" coveredconditionals="0" statements="3" coveredstatements="0" elements="4" coveredelements="0"/>
    </file>
    <file name="/var/www/tactical-domain-driven-design/Domains/HostProperties/Domain/Model/Property/Events/PropertyCreated.php">
      <class name="Domains\HostProperties\Domain\Model\Property\Events\PropertyCreated" namespace="global">
        <metrics complexity="1" methods="1" coveredmethods="0" conditionals="0" coveredconditionals="0" statements="3" coveredstatements="0" elements="4" coveredelements="0"/>
      </class>
      <line num="13" type="method" name="__construct" visibility="public" complexity="1" crap="2" count="0"/>
      <line num="15" type="stmt" count="0"/>
      <line num="16" type="stmt" count="0"/>
      <line num="17" type="stmt" count="0"/>
      <metrics loc="18" ncloc="18" classes="1" methods="1" coveredmethods="0" conditionals="0" coveredconditionals="0" statements="3" coveredstatements="0" elements="4" coveredelements="0"/>
    </file>
    <file name="/var/www/tactical-domain-driven-design/Domains/HostProperties/Domain/Model/Property/Events/PropertyRejected.php">
      <class name="Domains\HostProperties\Domain\Model\Property\Events\PropertyRejected" namespace="global">
        <metrics complexity="1" methods="1" coveredmethods="0" conditionals="0" coveredconditionals="0" statements="3" coveredstatements="0" elements="4" coveredelements="0"/>
      </class>
      <line num="13" type="method" name="__construct" visibility="public" complexity="1" crap="2" count="0"/>
      <line num="15" type="stmt" count="0"/>
      <line num="16" type="stmt" count="0"/>
      <line num="17" type="stmt" count="0"/>
      <metrics loc="18" ncloc="18" classes="1" methods="1" coveredmethods="0" conditionals="0" coveredconditionals="0" statements="3" coveredstatements="0" elements="4" coveredelements="0"/>
    </file>
    <file name="/var/www/tactical-domain-driven-design/Domains/HostProperties/Domain/Model/Property/IPropertyRepository.php">
      <metrics loc="17" ncloc="17" classes="0" methods="0" coveredmethods="0" conditionals="0" coveredconditionals="0" statements="0" coveredstatements="0" elements="0" coveredelements="0"/>
    </file>
    <file name="/var/www/tactical-domain-driven-design/Domains/HostProperties/Domain/Model/Property/Policies/PropertyDuplicatedPolicy.php">
      <class name="Domains\HostProperties\Domain\Model\Property\Policies\PropertyDuplicatedPolicy" namespace="global">
        <metrics complexity="2" methods="2" coveredmethods="1" conditionals="0" coveredconditionals="0" statements="3" coveredstatements="2" elements="5" coveredelements="3"/>
      </class>
      <line num="13" type="method" name="__construct" visibility="public" complexity="1" crap="1" count="2"/>
      <line num="15" type="stmt" count="2"/>
      <line num="16" type="stmt" count="2"/>
      <line num="18" type="method" name="isValid" visibility="public" complexity="1" crap="2" count="0"/>
      <line num="20" type="stmt" count="0"/>
      <metrics loc="23" ncloc="22" classes="1" methods="2" coveredmethods="1" conditionals="0" coveredconditionals="0" statements="3" coveredstatements="2" elements="5" coveredelements="3"/>
    </file>
    <file name="/var/www/tactical-domain-driven-design/Domains/HostProperties/Domain/Model/Property/Property.php">
      <metrics loc="26" ncloc="26" classes="0" methods="0" coveredmethods="0" conditionals="0" coveredconditionals="0" statements="0" coveredstatements="0" elements="0" coveredelements="0"/>
    </file>
    <file name="/var/www/tactical-domain-driven-design/Domains/HostProperties/Domain/Model/Property/PropertyEntity.php">
      <class name="Domains\HostProperties\Domain\Model\Property\PropertyEntity" namespace="global">
        <metrics complexity="11" methods="9" coveredmethods="1" conditionals="0" coveredconditionals="0" statements="24" coveredstatements="10" elements="33" coveredelements="11"/>
      </class>
      <line num="27" type="method" name="checkin" visibility="public" complexity="2" crap="2.50" count="1"/>
      <line num="31" type="stmt" count="1"/>
      <line num="32" type="stmt" count="1"/>
      <line num="33" type="stmt" count="1"/>
      <line num="36" type="stmt" count="0"/>
      <line num="38" type="stmt" count="0"/>
      <line num="39" type="stmt" count="0"/>
      <line num="41" type="method" name="checkout" visibility="public" complexity="2" crap="2.50" count="1"/>
      <line num="45" type="stmt" count="1"/>
      <line num="46" type="stmt" count="1"/>
      <line num="47" type="stmt" count="1"/>
      <line num="50" type="stmt" count="0"/>
      <line num="52" type="stmt" count="0"/>
      <line num="53" type="stmt" count="0"/>
      <line num="55" type="method" name="getIdentifier" visibility="public" complexity="1" crap="2" count="0"/>
      <line num="57" type="stmt" count="0"/>
      <line num="60" type="method" name="getAddress" visibility="public" complexity="1" crap="2" count="0"/>
      <line num="62" type="stmt" count="0"/>
      <line num="65" type="method" name="getRoom" visibility="public" complexity="1" crap="2" count="0"/>
      <line num="67" type="stmt" count="0"/>
      <line num="70" type="method" name="of" visibility="public" complexity="1" crap="1" count="2"/>
      <line num="72" type="stmt" count="2"/>
      <line num="73" type="stmt" count="2"/>
      <line num="74" type="stmt" count="2"/>
      <line num="78" type="stmt" count="2"/>
      <line num="80" type="method" name="fromExisting" visibility="public" complexity="1" crap="2" count="0"/>
      <line num="82" type="stmt" count="0"/>
      <line num="83" type="stmt" count="0"/>
      <line num="85" type="method" name="createNew" visibility="public" complexity="1" crap="2" count="0"/>
      <line num="87" type="stmt" count="0"/>
      <line num="88" type="stmt" count="0"/>
      <line num="90" type="method" name="__toString" visibility="public" complexity="1" crap="2" count="0"/>
      <line num="92" type="stmt" count="0"/>
      <metrics loc="94" ncloc="90" classes="1" methods="9" coveredmethods="1" conditionals="0" coveredconditionals="0" statements="24" coveredstatements="10" elements="33" coveredelements="11"/>
    </file>
    <file name="/var/www/tactical-domain-driven-design/Domains/HostProperties/Domain/Model/Property/PropertyException.php">
      <class name="Domains\HostProperties\Domain\Model\Property\PropertyException" namespace="global">
        <metrics complexity="0" methods="0" coveredmethods="0" conditionals="0" coveredconditionals="0" statements="0" coveredstatements="0" elements="0" coveredelements="0"/>
      </class>
      <metrics loc="10" ncloc="10" classes="0" methods="0" coveredmethods="0" conditionals="0" coveredconditionals="0" statements="0" coveredstatements="0" elements="0" coveredelements="0"/>
    </file>
    <file name="/var/www/tactical-domain-driven-design/Domains/HostProperties/Domain/Model/Property/PropertyNotFound.php">
      <class name="Domains\HostProperties\Domain\Model\Property\PropertyNotFound" namespace="global">
        <metrics complexity="8" methods="8" coveredmethods="0" conditionals="0" coveredconditionals="0" statements="8" coveredstatements="0" elements="16" coveredelements="0"/>
      </class>
      <line num="12" type="method" name="checkin" visibility="public" complexity="1" crap="2" count="0"/>
      <line num="14" type="stmt" count="0"/>
      <line num="17" type="method" name="checkout" visibility="public" complexity="1" crap="2" count="0"/>
      <line num="19" type="stmt" count="0"/>
      <line num="22" type="method" name="getIdentifier" visibility="public" complexity="1" crap="2" count="0"/>
      <line num="24" type="stmt" count="0"/>
      <line num="27" type="method" name="getAddress" visibility="public" complexity="1" crap="2" count="0"/>
      <line num="29" type="stmt" count="0"/>
      <line num="32" type="method" name="getRoom" visibility="public" complexity="1" crap="2" count="0"/>
      <line num="34" type="stmt" count="0"/>
      <line num="37" type="method" name="createNew" visibility="public" complexity="1" crap="2" count="0"/>
      <line num="39" type="stmt" count="0"/>
      <line num="42" type="method" name="fromExisting" visibility="public" complexity="1" crap="2" count="0"/>
      <line num="44" type="stmt" count="0"/>
      <line num="47" type="method" name="of" visibility="public" complexity="1" crap="2" count="0"/>
      <line num="49" type="stmt" count="0"/>
      <metrics loc="51" ncloc="51" classes="1" methods="8" coveredmethods="0" conditionals="0" coveredconditionals="0" statements="8" coveredstatements="0" elements="16" coveredelements="0"/>
    </file>
    <file name="/var/www/tactical-domain-driven-design/Domains/HostProperties/Domain/Model/Property/Room.php">
      <class name="Domains\HostProperties\Domain\Model\Property\Room" namespace="global">
        <metrics complexity="7" methods="5" coveredmethods="1" conditionals="0" coveredconditionals="0" statements="13" coveredstatements="7" elements="18" coveredelements="8"/>
      </class>
      <line num="20" type="method" name="__construct" visibility="public" complexity="2" crap="2" count="7"/>
      <line num="23" type="stmt" count="7"/>
      <line num="24" type="stmt" count="2"/>
      <line num="25" type="stmt" count="5"/>
      <line num="26" type="stmt" count="5"/>
      <line num="29" type="stmt" count="2"/>
      <line num="30" type="stmt" count="2"/>
      <line num="31" type="stmt" count="2"/>
      <line num="33" type="method" name="isSame" visibility="public" complexity="2" crap="6" count="0"/>
      <line num="36" type="stmt" count="0"/>
      <line num="37" type="stmt" count="0"/>
      <line num="40" type="stmt" count="0"/>
      <line num="43" type="method" name="fromNative" visibility="public" complexity="1" crap="2" count="0"/>
      <line num="45" type="stmt" count="0"/>
      <line num="48" type="method" name="toNative" visibility="public" complexity="1" crap="2" count="0"/>
      <line num="50" type="stmt" count="0"/>
      <line num="53" type="method" name="__toString" visibility="public" complexity="1" crap="2" count="0"/>
      <line num="55" type="stmt" count="0"/>
      <metrics loc="57" ncloc="57" classes="1" methods="5" coveredmethods="1" conditionals="0" coveredconditionals="0" statements="13" coveredstatements="7" elements="18" coveredelements="8"/>
    </file>
    <file name="/var/www/tactical-domain-driven-design/Domains/HostProperties/Domain/Model/Property/Specifications/PropertyRoomDiscountBetweenSpecification.php">
      <class name="Domains\HostProperties\Domain\Model\Property\Specifications\PropertyRoomDiscountBetweenSpecification" namespace="global">
        <metrics complexity="3" methods="2" coveredmethods="0" conditionals="0" coveredconditionals="0" statements="4" coveredstatements="0" elements="6" coveredelements="0"/>
      </class>
      <line num="15" type="method" name="__construct" visibility="public" complexity="1" crap="2" count="0"/>
      <line num="17" type="stmt" count="0"/>
      <line num="18" type="stmt" count="0"/>
      <line num="19" type="stmt" count="0"/>
      <line num="25" type="method" name="isSatisfiedBy" visibility="public" complexity="2" crap="6" count="0"/>
      <line num="27" type="stmt" count="0"/>
      <metrics loc="29" ncloc="25" classes="1" methods="2" coveredmethods="0" conditionals="0" coveredconditionals="0" statements="4" coveredstatements="0" elements="6" coveredelements="0"/>
    </file>
    <file name="/var/www/tactical-domain-driven-design/Domains/HostProperties/Domain/Services/PropertyCalendarManageable.php">
      <metrics loc="11" ncloc="11" classes="0" methods="0" coveredmethods="0" conditionals="0" coveredconditionals="0" statements="0" coveredstatements="0" elements="0" coveredelements="0"/>
    </file>
    <file name="/var/www/tactical-domain-driven-design/Domains/HostProperties/Domain/Services/PropertyCalendarManager.php">
      <class name="Domains\HostProperties\Domain\Services\PropertyCalendarManager" namespace="global">
        <metrics complexity="3" methods="2" coveredmethods="0" conditionals="0" coveredconditionals="0" statements="7" coveredstatements="0" elements="9" coveredelements="0"/>
      </class>
      <line num="18" type="method" name="__construct" visibility="public" complexity="1" crap="2" count="0"/>
      <line num="20" type="stmt" count="0"/>
      <line num="21" type="stmt" count="0"/>
      <line num="22" type="stmt" count="0"/>
      <line num="24" type="method" name="addCalendarTo" visibility="public" complexity="2" crap="6" count="0"/>
      <line num="26" type="stmt" count="0"/>
      <line num="27" type="stmt" count="0"/>
      <line num="28" type="stmt" count="0"/>
      <line num="29" type="stmt" count="0"/>
      <metrics loc="30" ncloc="30" classes="1" methods="2" coveredmethods="0" conditionals="0" coveredconditionals="0" statements="7" coveredstatements="0" elements="9" coveredelements="0"/>
    </file>
    <file name="/var/www/tactical-domain-driven-design/Domains/HostProperties/Infrastructure/Domain/Repositories/CalendarRepository.php">
      <class name="Domains\HostProperties\Infrastructure\Domain\Repositories\CalendarRepository" namespace="global">
        <metrics complexity="7" methods="7" coveredmethods="0" conditionals="0" coveredconditionals="0" statements="11" coveredstatements="0" elements="18" coveredelements="0"/>
      </class>
      <line num="15" type="method" name="__construct" visibility="public" complexity="1" crap="2" count="0"/>
      <line num="17" type="stmt" count="0"/>
      <line num="18" type="stmt" count="0"/>
      <line num="20" type="method" name="findAll" visibility="public" complexity="1" crap="2" count="0"/>
      <line num="22" type="stmt" count="0"/>
      <line num="23" type="stmt" count="0"/>
      <line num="24" type="stmt" count="0"/>
      <line num="25" type="stmt" count="0"/>
      <line num="28" type="method" name="update" visibility="public" complexity="1" crap="2" count="0"/>
      <line num="31" type="stmt" count="0"/>
      <line num="33" type="method" name="create" visibility="public" complexity="1" crap="2" count="0"/>
      <line num="36" type="stmt" count="0"/>
      <line num="38" type="method" name="createCalendarTo" visibility="public" complexity="1" crap="2" count="0"/>
      <line num="41" type="stmt" count="0"/>
      <line num="43" type="method" name="findById" visibility="public" complexity="1" crap="2" count="0"/>
      <line num="46" type="stmt" count="0"/>
      <line num="48" type="method" name="countFor" visibility="public" complexity="1" crap="2" count="0"/>
      <line num="51" type="stmt" count="0"/>
      <line num="53" type="stmt" count="0"/>
      <metrics loc="52" ncloc="52" classes="1" methods="7" coveredmethods="0" conditionals="0" coveredconditionals="0" statements="11" coveredstatements="0" elements="18" coveredelements="0"/>
    </file>
    <file name="/var/www/tactical-domain-driven-design/Domains/HostProperties/Infrastructure/Domain/Repositories/CalendarRepositoryFake.php">
      <class name="Domains\HostProperties\Infrastructure\Domain\Repositories\CalendarRepositoryFake" namespace="global">
        <metrics complexity="7" methods="7" coveredmethods="0" conditionals="0" coveredconditionals="0" statements="13" coveredstatements="0" elements="20" coveredelements="0"/>
      </class>
      <line num="17" type="method" name="__construct" visibility="public" complexity="1" crap="2" count="0"/>
      <line num="19" type="stmt" count="0"/>
      <line num="20" type="stmt" count="0"/>
      <line num="22" type="method" name="findAll" visibility="public" complexity="1" crap="2" count="0"/>
      <line num="24" type="stmt" count="0"/>
      <line num="25" type="stmt" count="0"/>
      <line num="26" type="stmt" count="0"/>
      <line num="27" type="stmt" count="0"/>
      <line num="28" type="stmt" count="0"/>
      <line num="31" type="method" name="update" visibility="public" complexity="1" crap="2" count="0"/>
      <line num="33" type="stmt" count="0"/>
      <line num="35" type="method" name="create" visibility="public" complexity="1" crap="2" count="0"/>
      <line num="37" type="stmt" count="0"/>
      <line num="39" type="method" name="findById" visibility="public" complexity="1" crap="2" count="0"/>
      <line num="41" type="stmt" count="0"/>
      <line num="42" type="stmt" count="0"/>
      <line num="45" type="method" name="createCalendarTo" visibility="public" complexity="1" crap="2" count="0"/>
      <line num="48" type="stmt" count="0"/>
      <line num="50" type="method" name="countFor" visibility="public" complexity="1" crap="2" count="0"/>
      <line num="52" type="stmt" count="0"/>
      <metrics loc="54" ncloc="53" classes="1" methods="7" coveredmethods="0" conditionals="0" coveredconditionals="0" statements="13" coveredstatements="0" elements="20" coveredelements="0"/>
    </file>
    <file name="/var/www/tactical-domain-driven-design/Domains/HostProperties/Infrastructure/Domain/Repositories/PropertyRepository.php">
      <class name="Domains\HostProperties\Infrastructure\Domain\Repositories\PropertyRepository" namespace="global">
        <metrics complexity="6" methods="6" coveredmethods="0" conditionals="0" coveredconditionals="0" statements="10" coveredstatements="0" elements="16" coveredelements="0"/>
      </class>
      <line num="14" type="method" name="__construct" visibility="public" complexity="1" crap="2" count="0"/>
      <line num="16" type="stmt" count="0"/>
      <line num="17" type="stmt" count="0"/>
      <line num="19" type="method" name="findAll" visibility="public" complexity="1" crap="2" count="0"/>
      <line num="21" type="stmt" count="0"/>
      <line num="22" type="stmt" count="0"/>
      <line num="23" type="stmt" count="0"/>
      <line num="24" type="stmt" count="0"/>
      <line num="27" type="method" name="update" visibility="public" complexity="1" crap="2" count="0"/>
      <line num="30" type="stmt" count="0"/>
      <line num="32" type="method" name="create" visibility="public" complexity="1" crap="2" count="0"/>
      <line num="35" type="stmt" count="0"/>
      <line num="37" type="method" name="findById" visibility="public" complexity="1" crap="2" count="0"/>
      <line num="40" type="stmt" count="0"/>
      <line num="42" type="method" name="countFor" visibility="public" complexity="1" crap="2" count="0"/>
      <line num="45" type="stmt" count="0"/>
      <line num="47" type="stmt" count="0"/>
      <metrics loc="46" ncloc="46" classes="1" methods="6" coveredmethods="0" conditionals="0" coveredconditionals="0" statements="10" coveredstatements="0" elements="16" coveredelements="0"/>
    </file>
    <file name="/var/www/tactical-domain-driven-design/Domains/HostProperties/Infrastructure/Domain/Repositories/PropertyRepositoryFake.php">
      <class name="Domains\HostProperties\Infrastructure\Domain\Repositories\PropertyRepositoryFake" namespace="global">
        <metrics complexity="6" methods="6" coveredmethods="1" conditionals="0" coveredconditionals="0" statements="13" coveredstatements="2" elements="19" coveredelements="3"/>
      </class>
      <line num="17" type="method" name="__construct" visibility="public" complexity="1" crap="1" count="2"/>
      <line num="19" type="stmt" count="2"/>
      <line num="20" type="stmt" count="2"/>
      <line num="22" type="method" name="findAll" visibility="public" complexity="1" crap="2" count="0"/>
      <line num="24" type="stmt" count="0"/>
      <line num="25" type="stmt" count="0"/>
      <line num="26" type="stmt" count="0"/>
      <line num="27" type="stmt" count="0"/>
      <line num="28" type="stmt" count="0"/>
      <line num="29" type="stmt" count="0"/>
      <line num="30" type="stmt" count="0"/>
      <line num="33" type="method" name="update" visibility="public" complexity="1" crap="2" count="0"/>
      <line num="35" type="stmt" count="0"/>
      <line num="37" type="method" name="create" visibility="public" complexity="1" crap="2" count="0"/>
      <line num="39" type="stmt" count="0"/>
      <line num="41" type="method" name="findById" visibility="public" complexity="1" crap="2" count="0"/>
      <line num="43" type="stmt" count="0"/>
      <line num="45" type="method" name="countFor" visibility="public" complexity="1" crap="2" count="0"/>
      <line num="47" type="stmt" count="0"/>
      <metrics loc="49" ncloc="49" classes="1" methods="6" coveredmethods="1" conditionals="0" coveredconditionals="0" statements="13" coveredstatements="2" elements="19" coveredelements="3"/>
    </file>
    <file name="/var/www/tactical-domain-driven-design/Domains/HostProperties/Infrastructure/Domain/Repositories/PropertyRepositoryInMemory.php">
      <class name="Domains\HostProperties\Infrastructure\Domain\Repositories\PropertyRepositoryInMemory" namespace="global">
        <metrics complexity="6" methods="6" coveredmethods="0" conditionals="0" coveredconditionals="0" statements="12" coveredstatements="0" elements="18" coveredelements="0"/>
      </class>
      <line num="16" type="method" name="__construct" visibility="public" complexity="1" crap="2" count="0"/>
      <line num="18" type="stmt" count="0"/>
      <line num="19" type="stmt" count="0"/>
      <line num="20" type="stmt" count="0"/>
      <line num="22" type="method" name="findAll" visibility="public" complexity="1" crap="2" count="0"/>
      <line num="24" type="stmt" count="0"/>
      <line num="25" type="stmt" count="0"/>
      <line num="26" type="stmt" count="0"/>
      <line num="29" type="method" name="update" visibility="public" complexity="1" crap="2" count="0"/>
      <line num="32" type="stmt" count="0"/>
      <line num="34" type="method" name="create" visibility="public" complexity="1" crap="2" count="0"/>
      <line num="36" type="stmt" count="0"/>
      <line num="37" type="stmt" count="0"/>
      <line num="38" type="stmt" count="0"/>
      <line num="40" type="method" name="findById" visibility="public" complexity="1" crap="2" count="0"/>
      <line num="43" type="stmt" count="0"/>
      <line num="45" type="method" name="countFor" visibility="public" complexity="1" crap="2" count="0"/>
      <line num="48" type="stmt" count="0"/>
      <line num="51" type="stmt" count="0"/>
      <metrics loc="50" ncloc="50" classes="1" methods="6" coveredmethods="0" conditionals="0" coveredconditionals="0" statements="12" coveredstatements="0" elements="18" coveredelements="0"/>
    </file>
    <file name="/var/www/tactical-domain-driven-design/Domains/HostProperties/Infrastructure/Domain/Services/ExternalPropertyCalendarManager.php">
      <class name="Domains\HostProperties\Infrastructure\Domain\Services\ExternalPropertyCalendarManager" namespace="global">
        <metrics complexity="1" methods="1" coveredmethods="0" conditionals="0" coveredconditionals="0" statements="1" coveredstatements="0" elements="2" coveredelements="0"/>
      </class>
      <line num="11" type="method" name="addCalendarTo" visibility="public" complexity="1" crap="2" count="0"/>
      <line num="14" type="stmt" count="0"/>
      <metrics loc="15" ncloc="15" classes="1" methods="1" coveredmethods="0" conditionals="0" coveredconditionals="0" statements="1" coveredstatements="0" elements="2" coveredelements="0"/>
    </file>
    <file name="/var/www/tactical-domain-driven-design/Domains/HostProperties/Infrastructure/Framework/Entities/CalendarModel.php">
      <class name="Domains\HostProperties\Infrastructure\Framework\Entities\CalendarModel" namespace="global">
        <metrics complexity="0" methods="0" coveredmethods="0" conditionals="0" coveredconditionals="0" statements="0" coveredstatements="0" elements="0" coveredelements="0"/>
      </class>
      <metrics loc="14" ncloc="14" classes="0" methods="0" coveredmethods="0" conditionals="0" coveredconditionals="0" statements="0" coveredstatements="0" elements="0" coveredelements="0"/>
    </file>
    <file name="/var/www/tactical-domain-driven-design/Domains/HostProperties/Infrastructure/Framework/Entities/PropertyModel.php">
      <class name="Domains\HostProperties\Infrastructure\Framework\Entities\PropertyModel" namespace="global">
        <metrics complexity="0" methods="0" coveredmethods="0" conditionals="0" coveredconditionals="0" statements="0" coveredstatements="0" elements="0" coveredelements="0"/>
      </class>
      <metrics loc="14" ncloc="14" classes="0" methods="0" coveredmethods="0" conditionals="0" coveredconditionals="0" statements="0" coveredstatements="0" elements="0" coveredelements="0"/>
    </file>
    <file name="/var/www/tactical-domain-driven-design/Domains/HostProperties/Infrastructure/Framework/Providers/HostPropertiesServiceProvider.php">
      <class name="Domains\HostProperties\Infrastructure\Framework\Providers\HostPropertiesServiceProvider" namespace="global">
        <metrics complexity="10" methods="8" coveredmethods="5" conditionals="0" coveredconditionals="0" statements="65" coveredstatements="53" elements="73" coveredelements="58"/>
      </class>
      <line num="49" type="method" name="boot" visibility="public" complexity="1" crap="1" count="9"/>
      <line num="51" type="stmt" count="9"/>
      <line num="52" type="stmt" count="9"/>
      <line num="53" type="stmt" count="9"/>
      <line num="54" type="stmt" count="9"/>
      <line num="55" type="stmt" count="9"/>
      <line num="62" type="method" name="register" visibility="public" complexity="1" crap="1" count="9"/>
      <line num="64" type="stmt" count="9"/>
      <line num="65" type="stmt" count="9"/>
      <line num="66" type="stmt" count="9"/>
      <line num="67" type="stmt" count="9"/>
      <line num="69" type="method" name="loadCrossDependencies" visibility="public" complexity="1" crap="1.01" count="9"/>
      <line num="72" type="stmt" count="9"/>
      <line num="73" type="stmt" count="2"/>
      <line num="74" type="stmt" count="9"/>
      <line num="76" type="stmt" count="9"/>
      <line num="79" type="stmt" count="2"/>
      <line num="80" type="stmt" count="2"/>
      <line num="81" type="stmt" count="9"/>
      <line num="83" type="stmt" count="9"/>
      <line num="84" type="stmt" count="0"/>
      <line num="85" type="stmt" count="9"/>
      <line num="87" type="stmt" count="9"/>
      <line num="88" type="stmt" count="2"/>
      <line num="89" type="stmt" count="9"/>
      <line num="91" type="stmt" count="9"/>
      <line num="92" type="stmt" count="2"/>
      <line num="93" type="stmt" count="9"/>
      <line num="95" type="stmt" count="9"/>
      <line num="98" type="stmt" count="0"/>
      <line num="99" type="stmt" count="0"/>
      <line num="100" type="stmt" count="9"/>
      <line num="102" type="stmt" count="9"/>
      <line num="103" type="stmt" count="0"/>
      <line num="104" type="stmt" count="9"/>
      <line num="106" type="stmt" count="9"/>
      <line num="107" type="stmt" count="0"/>
      <line num="108" type="stmt" count="9"/>
      <line num="109" type="stmt" count="9"/>
      <line num="111" type="method" name="loadUseCases" visibility="public" complexity="1" crap="1.02" count="9"/>
      <line num="114" type="stmt" count="9"/>
      <line num="115" type="stmt" count="9"/>
      <line num="116" type="stmt" count="9"/>
      <line num="117" type="stmt" count="0"/>
      <line num="118" type="stmt" count="0"/>
      <line num="119" type="stmt" count="9"/>
      <line num="123" type="stmt" count="9"/>
      <line num="124" type="stmt" count="9"/>
      <line num="125" type="stmt" count="9"/>
      <line num="126" type="stmt" count="0"/>
      <line num="127" type="stmt" count="9"/>
      <line num="131" type="stmt" count="9"/>
      <line num="132" type="stmt" count="9"/>
      <line num="133" type="stmt" count="9"/>
      <line num="134" type="stmt" count="0"/>
      <line num="135" type="stmt" count="0"/>
      <line num="136" type="stmt" count="9"/>
      <line num="140" type="stmt" count="9"/>
      <line num="141" type="stmt" count="9"/>
      <line num="142" type="stmt" count="9"/>
      <line num="143" type="stmt" count="0"/>
      <line num="144" type="stmt" count="9"/>
      <line num="146" type="stmt" count="9"/>
      <line num="153" type="method" name="registerConfig" visibility="protected" complexity="1" crap="1" count="9"/>
      <line num="155" type="stmt" count="9"/>
      <line num="162" type="method" name="registerTranslations" visibility="public" complexity="1" crap="1" count="9"/>
      <line num="164" type="stmt" count="9"/>
      <line num="171" type="method" name="registerFactories" visibility="public" complexity="3" crap="3" count="9"/>
      <line num="173" type="stmt" count="9"/>
      <line num="174" type="stmt" count="9"/>
      <line num="176" type="stmt" count="9"/>
      <line num="183" type="method" name="provides" visibility="public" complexity="1" crap="2" count="0"/>
      <line num="185" type="stmt" count="0"/>
      <metrics loc="187" ncloc="149" classes="1" methods="8" coveredmethods="5" conditionals="0" coveredconditionals="0" statements="65" coveredstatements="53" elements="73" coveredelements="58"/>
    </file>
    <file name="/var/www/tactical-domain-driven-design/Domains/HostProperties/Infrastructure/Framework/Providers/RouteServiceProvider.php">
      <class name="Domains\HostProperties\Infrastructure\Framework\Providers\RouteServiceProvider" namespace="global">
        <metrics complexity="2" methods="2" coveredmethods="2" conditionals="0" coveredconditionals="0" statements="9" coveredstatements="9" elements="11" coveredelements="11"/>
      </class>
      <line num="23" type="method" name="boot" visibility="public" complexity="1" crap="1" count="9"/>
      <line num="25" type="stmt" count="9"/>
      <line num="26" type="stmt" count="9"/>
      <line num="35" type="method" name="mapApiRoutes" visibility="protected" complexity="1" crap="1" count="9"/>
      <line num="37" type="stmt" count="9"/>
      <line num="38" type="stmt" count="9"/>
      <line num="39" type="stmt" count="9"/>
      <line num="41" type="stmt" count="9"/>
      <line num="42" type="stmt" count="9"/>
      <line num="43" type="stmt" count="9"/>
      <line num="44" type="stmt" count="9"/>
      <metrics loc="45" ncloc="26" classes="1" methods="2" coveredmethods="2" conditionals="0" coveredconditionals="0" statements="9" coveredstatements="9" elements="11" coveredelements="11"/>
    </file>
    <file name="/var/www/tactical-domain-driven-design/Domains/HostProperties/Infrastructure/Framework/Routes/api.php">
      <line num="3" type="stmt" count="9"/>
      <line num="4" type="stmt" count="9"/>
      <line num="5" type="stmt" count="9"/>
      <line num="6" type="stmt" count="9"/>
      <line num="7" type="stmt" count="9"/>
      <line num="8" type="stmt" count="9"/>
      <line num="9" type="stmt" count="9"/>
      <line num="10" type="stmt" count="9"/>
      <line num="11" type="stmt" count="9"/>
      <line num="12" type="stmt" count="9"/>
      <metrics loc="12" ncloc="12" classes="0" methods="0" coveredmethods="0" conditionals="0" coveredconditionals="0" statements="10" coveredstatements="10" elements="10" coveredelements="10"/>
    </file>
    <file name="/var/www/tactical-domain-driven-design/Domains/HostProperties/Infrastructure/Framework/Transformers/CalendarResource.php">
      <class name="Domains\HostProperties\Infrastructure\Framework\Transformers\CalendarResource" namespace="global">
        <metrics complexity="1" methods="1" coveredmethods="0" conditionals="0" coveredconditionals="0" statements="4" coveredstatements="0" elements="5" coveredelements="0"/>
      </class>
      <line num="15" type="method" name="toArray" visibility="public" complexity="1" crap="2" count="0"/>
      <line num="19" type="stmt" count="0"/>
      <line num="20" type="stmt" count="0"/>
      <line num="21" type="stmt" count="0"/>
      <line num="22" type="stmt" count="0"/>
      <metrics loc="25" ncloc="19" classes="1" methods="1" coveredmethods="0" conditionals="0" coveredconditionals="0" statements="4" coveredstatements="0" elements="5" coveredelements="0"/>
    </file>
    <file name="/var/www/tactical-domain-driven-design/Domains/HostProperties/Infrastructure/Framework/Transformers/PropertyResource.php">
      <class name="Domains\HostProperties\Infrastructure\Framework\Transformers\PropertyResource" namespace="global">
        <metrics complexity="1" methods="1" coveredmethods="0" conditionals="0" coveredconditionals="0" statements="9" coveredstatements="0" elements="10" coveredelements="0"/>
      </class>
      <line num="15" type="method" name="toArray" visibility="public" complexity="1" crap="2" count="0"/>
      <line num="19" type="stmt" count="0"/>
      <line num="20" type="stmt" count="0"/>
      <line num="21" type="stmt" count="0"/>
      <line num="22" type="stmt" count="0"/>
      <line num="23" type="stmt" count="0"/>
      <line num="24" type="stmt" count="0"/>
      <line num="25" type="stmt" count="0"/>
      <line num="26" type="stmt" count="0"/>
      <line num="27" type="stmt" count="0"/>
      <metrics loc="30" ncloc="24" classes="1" methods="1" coveredmethods="0" conditionals="0" coveredconditionals="0" statements="9" coveredstatements="0" elements="10" coveredelements="0"/>
    </file>
    <file name="/var/www/tactical-domain-driven-design/Domains/HostProperties/Interfaces/Incoming/Stream/SynkProperties.php">
      <class name="Domains\HostProperties\Interfaces\Incoming\Stream\SynkProperties" namespace="global">
        <metrics complexity="2" methods="2" coveredmethods="0" conditionals="0" coveredconditionals="0" statements="3" coveredstatements="0" elements="5" coveredelements="0"/>
      </class>
      <line num="29" type="method" name="__construct" visibility="public" complexity="1" crap="2" count="0"/>
      <line num="31" type="stmt" count="0"/>
      <line num="32" type="stmt" count="0"/>
      <line num="40" type="method" name="handle" visibility="public" complexity="1" crap="2" count="0"/>
      <line num="43" type="stmt" count="0"/>
      <metrics loc="44" ncloc="23" classes="1" methods="2" coveredmethods="0" conditionals="0" coveredconditionals="0" statements="3" coveredstatements="0" elements="5" coveredelements="0"/>
    </file>
    <file name="/var/www/tactical-domain-driven-design/Domains/HostProperties/Interfaces/Incoming/WebApi/Controllers/CalendarController.php">
      <class name="Domains\HostProperties\Interfaces\Incoming\WebApi\Controllers\CalendarController" namespace="global">
        <metrics complexity="2" methods="2" coveredmethods="0" conditionals="0" coveredconditionals="0" statements="3" coveredstatements="0" elements="5" coveredelements="0"/>
      </class>
      <line num="15" type="method" name="create" visibility="public" complexity="1" crap="2" count="0"/>
      <line num="17" type="stmt" count="0"/>
      <line num="18" type="stmt" count="0"/>
      <line num="21" type="method" name="fetchAll" visibility="public" complexity="1" crap="2" count="0"/>
      <line num="23" type="stmt" count="0"/>
      <metrics loc="25" ncloc="25" classes="1" methods="2" coveredmethods="0" conditionals="0" coveredconditionals="0" statements="3" coveredstatements="0" elements="5" coveredelements="0"/>
    </file>
    <file name="/var/www/tactical-domain-driven-design/Domains/HostProperties/Interfaces/Incoming/WebApi/Controllers/PropertyController.php">
      <class name="Domains\HostProperties\Interfaces\Incoming\WebApi\Controllers\PropertyController" namespace="global">
        <metrics complexity="2" methods="2" coveredmethods="0" conditionals="0" coveredconditionals="0" statements="3" coveredstatements="0" elements="5" coveredelements="0"/>
      </class>
      <line num="15" type="method" name="create" visibility="public" complexity="1" crap="2" count="0"/>
      <line num="17" type="stmt" count="0"/>
      <line num="18" type="stmt" count="0"/>
      <line num="21" type="method" name="fetchAll" visibility="public" complexity="1" crap="2" count="0"/>
      <line num="23" type="stmt" count="0"/>
      <metrics loc="25" ncloc="25" classes="1" methods="2" coveredmethods="0" conditionals="0" coveredconditionals="0" statements="3" coveredstatements="0" elements="5" coveredelements="0"/>
    </file>
    <metrics files="58" loc="1852" ncloc="1748" classes="44" methods="139" coveredmethods="14" conditionals="0" coveredconditionals="0" statements="366" coveredstatements="110" elements="505" coveredelements="124"/>
  </project>
</coverage>
